2024-04-18 16:48:47,504 __main__ (lichess-bot.py:1026) INFO 
    .   _/|
    .  // o\
    .  || ._)  lichess-bot 2023.12.1.2
    .  //__\
    .  )___(   Play on Lichess with a bot
    
2024-04-18 16:48:47,529 config (config.py:261) DEBUG Config:
token: logger
url: https://lichess.org/
engine:
  dir: ./engines/
  name: PyBot
  working_dir: ''
  protocol: homemade
  ponder: true
  polyglot:
    enabled: false
    book:
      standard:
      - engines/book1.bin
      - engines/book2.bin
    min_weight: 1
    selection: weighted_random
    max_depth: 20
  draw_or_resign:
    resign_enabled: false
    resign_score: -1000
    resign_for_egtb_minus_two: true
    resign_moves: 3
    offer_draw_enabled: false
    offer_draw_score: 0
    offer_draw_for_egtb_zero: false
    offer_draw_moves: 10
    offer_draw_pieces: 10
  online_moves:
    max_out_of_book_moves: 10
    max_retries: 2
    chessdb_book:
      enabled: false
      min_time: 20
      move_quality: good
      min_depth: 20
    lichess_cloud_analysis:
      enabled: false
      min_time: 20
      move_quality: best
      max_score_difference: 50
      min_depth: 20
      min_knodes: 0
    lichess_opening_explorer:
      enabled: false
      min_time: 20
      source: masters
      player_name: ''
      sort: winrate
      min_games: 10
    online_egtb:
      enabled: false
      min_time: 20
      max_pieces: 7
      source: lichess
      move_quality: best
  lichess_bot_tbs:
    syzygy:
      enabled: false
      paths:
      - engines/syzygy
      max_pieces: 7
      move_quality: best
    gaviota:
      enabled: false
      paths:
      - engines/gaviota
      max_pieces: 5
      min_dtm_to_consider_as_wdl_1: 120
      move_quality: best
  homemade_options: null
  uci_options:
    Move Overhead: 100
    Threads: 4
    Hash: 512
    SyzygyPath: ./syzygy/
    UCI_ShowWDL: true
  silence_stderr: false
abort_time: 30
fake_think_time: false
rate_limiting_delay: 0
move_overhead: 2000
correspondence:
  move_time: 60
  checkin_period: 300
  disconnect_time: 150
  ponder: false
challenge:
  concurrency: 1
  sort_by: best
  accept_bot: true
  only_bot: false
  max_increment: 20
  min_increment: 0
  max_base: 1800
  min_base: 0
  max_days: .inf
  min_days: 1
  variants:
  - standard
  - fromPosition
  time_controls:
  - bullet
  - blitz
  - rapid
  - classical
  - correspondence
  modes:
  - casual
  - rated
  bullet_requires_increment: false
greeting:
  hello: Hi! I'm {me}. Good luck! Type !help for a list of commands I can respond
    to.
  goodbye: Good game!
  hello_spectators: Hi! I'm {me}. Type !help for a list of commands I can respond
    to.
  goodbye_spectators: Thanks for watching!
matchmaking:
  allow_matchmaking: false
  challenge_variant: random
  challenge_timeout: 30
  challenge_initial_time:
  - 60
  - 180
  challenge_increment:
  - 1
  - 2
  opponent_rating_difference: 300
  rating_preference: none
  opponent_allow_tos_violation: false
  challenge_mode: random
  challenge_filter: none

2024-04-18 16:48:47,530 config (config.py:262) DEBUG ====================
2024-04-18 16:48:47,537 config (config.py:261) DEBUG Config:
token: logger
url: https://lichess.org/
engine:
  dir: ./engines/
  name: PyBot
  working_dir: C:\Users\keira\Documents\VSCode Projects\Projects\Chess-Bot\chess-bot
  protocol: homemade
  ponder: true
  polyglot:
    enabled: false
    book:
      standard:
      - engines/book1.bin
      - engines/book2.bin
    min_weight: 1
    selection: weighted_random
    max_depth: 20
  draw_or_resign:
    resign_enabled: false
    resign_score: -1000
    resign_for_egtb_minus_two: true
    resign_moves: 3
    offer_draw_enabled: false
    offer_draw_score: 0
    offer_draw_for_egtb_zero: false
    offer_draw_moves: 10
    offer_draw_pieces: 10
  online_moves:
    max_out_of_book_moves: 10
    max_retries: 2
    chessdb_book:
      enabled: false
      min_time: 20
      move_quality: good
      min_depth: 20
    lichess_cloud_analysis:
      enabled: false
      min_time: 20
      move_quality: best
      max_score_difference: 50
      min_depth: 20
      min_knodes: 0
    lichess_opening_explorer:
      enabled: false
      min_time: 20
      source: masters
      player_name: ''
      sort: winrate
      min_games: 10
    online_egtb:
      enabled: false
      min_time: 20
      max_pieces: 7
      source: lichess
      move_quality: best
    max_depth: .inf
  lichess_bot_tbs:
    syzygy:
      enabled: false
      paths:
      - engines/syzygy
      max_pieces: 7
      move_quality: best
    gaviota:
      enabled: false
      paths:
      - engines/gaviota
      max_pieces: 5
      min_dtm_to_consider_as_wdl_1: 120
      move_quality: best
  homemade_options: null
  uci_options:
    Move Overhead: 100
    Threads: 4
    Hash: 512
    SyzygyPath: ./syzygy/
    UCI_ShowWDL: true
  silence_stderr: false
  uci_ponder: false
abort_time: 30
fake_think_time: false
rate_limiting_delay: 0
move_overhead: 2000
correspondence:
  move_time: 60
  checkin_period: 300
  disconnect_time: 150
  ponder: false
  uci_ponder: false
challenge:
  concurrency: 1
  sort_by: best
  accept_bot: true
  only_bot: false
  max_increment: 20
  min_increment: 0
  max_base: 1800
  min_base: 0
  max_days: .inf
  min_days: 1
  variants:
  - standard
  - fromPosition
  time_controls:
  - bullet
  - blitz
  - rapid
  - classical
  - correspondence
  modes:
  - casual
  - rated
  bullet_requires_increment: false
  block_list: []
  allow_list: []
greeting:
  hello: Hi! I'm {me}. Good luck! Type !help for a list of commands I can respond
    to.
  goodbye: Good game!
  hello_spectators: Hi! I'm {me}. Type !help for a list of commands I can respond
    to.
  goodbye_spectators: Thanks for watching!
matchmaking:
  allow_matchmaking: false
  challenge_variant: random
  challenge_timeout: 30
  challenge_initial_time:
  - 60
  - 180
  challenge_increment:
  - 1
  - 2
  opponent_rating_difference: 300
  rating_preference: none
  opponent_allow_tos_violation: false
  challenge_mode: random
  challenge_filter: none
  block_list: []
  challenge_days:
  - null
  opponent_min_rating: 600
  opponent_max_rating: 4000
  overrides: {}
pgn_file_grouping: game

2024-04-18 16:48:47,537 config (config.py:262) DEBUG ====================
2024-04-18 16:48:47,537 __main__ (lichess-bot.py:1029) INFO Checking engine configuration ...
2024-04-18 16:48:47,903 engine_wrapper (engine_wrapper.py:67) DEBUG Starting engine: ['C:\\Users\\keira\\Documents\\VSCode Projects\\Projects\\Chess-Bot\\chess-bot\\engines\\PyBot']
2024-04-18 16:48:47,903 __main__ (lichess-bot.py:1032) INFO Engine configuration OK
2024-04-18 16:48:47,907 urllib3.connectionpool (connectionpool.py:1003) DEBUG Starting new HTTPS connection (1): lichess.org:443
2024-04-18 16:48:48,722 urllib3.connectionpool (connectionpool.py:456) DEBUG https://lichess.org:443 "POST /api/token/test HTTP/1.1" 200 None
2024-04-18 16:48:48,882 urllib3.connectionpool (connectionpool.py:456) DEBUG https://lichess.org:443 "GET /api/account HTTP/1.1" 200 None
2024-04-18 16:48:48,882 __main__ (lichess-bot.py:1041) INFO Welcome Kai_Bot!
2024-04-18 16:48:48,884 __main__ (lichess-bot.py:209) INFO You're now connected to https://lichess.org/ and awaiting challenges.
2024-04-18 16:48:49,684 urllib3.connectionpool (connectionpool.py:456) DEBUG https://lichess.org:443 "GET /api/account/playing HTTP/1.1" 200 17
2024-04-18 16:48:50,885 __main__ (lichess-bot.py:373) DEBUG Event: {'type': 'challenge', 'challenge': {'id': 'nK3RDnPM', 'url': 'https://lichess.org/nK3RDnPM', 'status': 'created', 'challenger': {'id': 'kai_pereira', 'name': 'Kai_Pereira', 'rating': 1500, 'title': None, 'provisional': True, 'online': True, 'lag': 4}, 'destUser': {'id': 'kai_bot', 'name': 'Kai_Bot', 'rating': 2000, 'title': 'BOT', 'provisional': True}, 'variant': {'key': 'standard', 'name': 'Standard', 'short': 'Std'}, 'rated': False, 'speed': 'correspondence', 'timeControl': {'type': 'unlimited'}, 'color': 'white', 'finalColor': 'white', 'perf': {'icon': '\ue02e', 'name': 'Correspondence'}, 'rematchOf': 'QUhXl5lU'}}
2024-04-18 16:48:50,885 __main__ (lichess-bot.py:424) INFO Accept Correspondence casual challenge from Kai_Pereira (1500?) (nK3RDnPM)
2024-04-18 16:48:51,052 urllib3.connectionpool (connectionpool.py:456) DEBUG https://lichess.org:443 "POST /api/challenge/nK3RDnPM/accept HTTP/1.1" 200 11
2024-04-18 16:48:51,052 __main__ (lichess-bot.py:257) INFO --- Process Queued. Count: 1. IDs: {'nK3RDnPM'}
2024-04-18 16:48:51,052 __main__ (lichess-bot.py:373) DEBUG Event: {'type': 'gameStart', 'game': {'fullId': 'nK3RDnPMnZo6', 'gameId': 'nK3RDnPM', 'fen': 'rnbqkbnr/pppppppp/8/8/8/8/PPPPPPPP/RNBQKBNR w KQkq - 0 1', 'color': 'black', 'lastMove': '', 'source': 'friend', 'status': {'id': 20, 'name': 'started'}, 'variant': {'key': 'standard', 'name': 'Standard'}, 'speed': 'correspondence', 'perf': 'correspondence', 'rated': False, 'hasMoved': False, 'opponent': {'id': 'kai_pereira', 'username': 'Kai_Pereira', 'rating': 1500}, 'isMyTurn': False, 'compat': {'bot': True, 'board': True}, 'id': 'nK3RDnPM'}}
2024-04-18 16:48:51,052 __main__ (lichess-bot.py:257) INFO --- Process Used. Count: 1. IDs: {'nK3RDnPM'}
2024-04-18 16:48:51,070 urllib3.connectionpool (connectionpool.py:1003) DEBUG Starting new HTTPS connection (1): lichess.org:443
2024-04-18 16:48:51,934 urllib3.connectionpool (connectionpool.py:456) DEBUG https://lichess.org:443 "GET /api/bot/game/stream/nK3RDnPM HTTP/1.1" 200 None
2024-04-18 16:48:51,934 __mp_main__ (lichess-bot.py:575) DEBUG Initial state: {'id': 'nK3RDnPM', 'variant': {'key': 'standard', 'name': 'Standard', 'short': 'Std'}, 'speed': 'correspondence', 'perf': {'name': 'Correspondence'}, 'rated': False, 'createdAt': 1713484130703, 'white': {'id': 'kai_pereira', 'name': 'Kai_Pereira', 'title': None, 'rating': 1500, 'provisional': True}, 'black': {'id': 'kai_bot', 'name': 'Kai_Bot', 'title': 'BOT', 'rating': 2000, 'provisional': True}, 'initialFen': 'startpos', 'type': 'gameFull', 'state': {'type': 'gameState', 'moves': '', 'wtime': 2147483647, 'btime': 2147483647, 'winc': 0, 'binc': 0, 'status': 'started'}}
2024-04-18 16:48:52,329 engine_wrapper (engine_wrapper.py:67) DEBUG Starting engine: ['C:\\Users\\keira\\Documents\\VSCode Projects\\Projects\\Chess-Bot\\chess-bot\\engines\\PyBot']
2024-04-18 16:48:52,329 __mp_main__ (lichess-bot.py:581) DEBUG The engine for game nK3RDnPM has pid=?
2024-04-18 16:48:52,329 __mp_main__ (lichess-bot.py:584) INFO +++ https://lichess.org/nK3RDnPM/black Correspondence vs Kai_Pereira (1500?) (nK3RDnPM)
2024-04-18 16:48:53,235 __mp_main__ (lichess-bot.py:700) DEBUG Game state: {'type': 'gameState', 'moves': 'e2e4', 'wtime': 2147483647, 'btime': 2147483647, 'winc': 0, 'binc': 0, 'status': 'started'}
2024-04-18 16:48:53,235 conversation (conversation.py:83) INFO *** https://lichess.org/nK3RDnPM/black [player] Kai_Bot: Hi! I'm Kai_Bot. Good luck! Type !help for a list of commands I can respond to.
2024-04-18 16:48:53,238 urllib3.connectionpool (connectionpool.py:1003) DEBUG Starting new HTTPS connection (2): lichess.org:443
2024-04-18 16:48:54,052 urllib3.connectionpool (connectionpool.py:456) DEBUG https://lichess.org:443 "POST /api/bot/game/nK3RDnPM/chat HTTP/1.1" 200 11
2024-04-18 16:48:54,052 conversation (conversation.py:83) INFO *** https://lichess.org/nK3RDnPM/black [spectator] Kai_Bot: Hi! I'm Kai_Bot. Type !help for a list of commands I can respond to.
2024-04-18 16:48:54,209 urllib3.connectionpool (connectionpool.py:456) DEBUG https://lichess.org:443 "POST /api/bot/game/nK3RDnPM/chat HTTP/1.1" 200 11
2024-04-18 16:48:54,209 __mp_main__ (lichess-bot.py:691) INFO 
2024-04-18 16:48:54,209 __mp_main__ (lichess-bot.py:692) INFO move: 1
2024-04-18 16:48:54,209 engine_wrapper (engine_wrapper.py:652) INFO Searching for time 10 seconds for game nK3RDnPM
2024-04-18 16:48:54,705 engine_wrapper (engine_wrapper.py:297) INFO Source: Engine
2024-04-18 16:48:54,862 urllib3.connectionpool (connectionpool.py:456) DEBUG https://lichess.org:443 "POST /api/bot/game/nK3RDnPM/move/e7e5?offeringDraw=false HTTP/1.1" 200 11
2024-04-18 16:48:54,862 __mp_main__ (lichess-bot.py:700) DEBUG Game state: {'type': 'chatLine', 'room': 'player', 'username': 'Kai_Bot', 'text': "Hi! I'm Kai_Bot. Good luck! Type !help for a list of commands I can respond to."}
2024-04-18 16:48:54,864 conversation (conversation.py:42) INFO *** https://lichess.org/nK3RDnPM/black [player] Kai_Bot: Hi! I'm Kai_Bot. Good luck! Type !help for a list of commands I can respond to.
2024-04-18 16:48:54,864 __mp_main__ (lichess-bot.py:700) DEBUG Game state: {'type': 'chatLine', 'room': 'spectator', 'username': 'Kai_Bot', 'text': "Hi! I'm Kai_Bot. Type !help for a list of commands I can respond to."}
2024-04-18 16:48:54,864 conversation (conversation.py:42) INFO *** https://lichess.org/nK3RDnPM/black [spectator] Kai_Bot: Hi! I'm Kai_Bot. Type !help for a list of commands I can respond to.
2024-04-18 16:48:54,864 __mp_main__ (lichess-bot.py:700) DEBUG Game state: {'type': 'gameState', 'moves': 'e2e4 e7e5', 'wtime': 2147483647, 'btime': 2147483647, 'winc': 0, 'binc': 0, 'status': 'started'}
2024-04-18 16:49:05,217 __mp_main__ (lichess-bot.py:700) DEBUG Game state: {'type': 'gameState', 'moves': 'e2e4 e7e5 b1c3', 'wtime': 2147483647, 'btime': 2147483647, 'winc': 0, 'binc': 0, 'status': 'started'}
2024-04-18 16:49:05,217 __mp_main__ (lichess-bot.py:691) INFO 
2024-04-18 16:49:05,217 __mp_main__ (lichess-bot.py:692) INFO move: 2
2024-04-18 16:49:05,222 engine_wrapper (engine_wrapper.py:639) INFO Searching for time 60 seconds for game nK3RDnPM
2024-04-18 16:49:05,655 engine_wrapper (engine_wrapper.py:297) INFO Source: Engine
2024-04-18 16:49:05,655 urllib3.connectionpool (connectionpool.py:273) DEBUG Resetting dropped connection: lichess.org
2024-04-18 16:49:06,462 urllib3.connectionpool (connectionpool.py:456) DEBUG https://lichess.org:443 "POST /api/bot/game/nK3RDnPM/move/g8f6?offeringDraw=false HTTP/1.1" 200 11
2024-04-18 16:49:06,463 __mp_main__ (lichess-bot.py:700) DEBUG Game state: {'type': 'gameState', 'moves': 'e2e4 e7e5 b1c3 g8f6', 'wtime': 2147483647, 'btime': 2147483647, 'winc': 0, 'binc': 0, 'status': 'started'}
2024-04-18 16:49:07,530 __mp_main__ (lichess-bot.py:700) DEBUG Game state: {'type': 'gameState', 'moves': 'e2e4 e7e5 b1c3 g8f6 f2f4', 'wtime': 2147483647, 'btime': 2147483647, 'winc': 0, 'binc': 0, 'status': 'started'}
2024-04-18 16:49:07,530 __mp_main__ (lichess-bot.py:691) INFO 
2024-04-18 16:49:07,530 __mp_main__ (lichess-bot.py:692) INFO move: 3
2024-04-18 16:49:07,530 engine_wrapper (engine_wrapper.py:639) INFO Searching for time 60 seconds for game nK3RDnPM
2024-04-18 16:49:07,974 engine_wrapper (engine_wrapper.py:297) INFO Source: Engine
2024-04-18 16:49:08,133 urllib3.connectionpool (connectionpool.py:456) DEBUG https://lichess.org:443 "POST /api/bot/game/nK3RDnPM/move/d7d5?offeringDraw=false HTTP/1.1" 200 11
2024-04-18 16:49:08,134 __mp_main__ (lichess-bot.py:700) DEBUG Game state: {'type': 'gameState', 'moves': 'e2e4 e7e5 b1c3 g8f6 f2f4 d7d5', 'wtime': 2147483647, 'btime': 2147483647, 'winc': 0, 'binc': 0, 'status': 'started'}
2024-04-18 16:49:09,112 __mp_main__ (lichess-bot.py:700) DEBUG Game state: {'type': 'gameState', 'moves': 'e2e4 e7e5 b1c3 g8f6 f2f4 d7d5 f4e5', 'wtime': 2147483647, 'btime': 2147483647, 'winc': 0, 'binc': 0, 'status': 'started'}
2024-04-18 16:49:09,112 __mp_main__ (lichess-bot.py:691) INFO 
2024-04-18 16:49:09,112 __mp_main__ (lichess-bot.py:692) INFO move: 4
2024-04-18 16:49:09,112 engine_wrapper (engine_wrapper.py:639) INFO Searching for time 60 seconds for game nK3RDnPM
2024-04-18 16:49:09,546 engine_wrapper (engine_wrapper.py:297) INFO Source: Engine
2024-04-18 16:49:09,705 urllib3.connectionpool (connectionpool.py:456) DEBUG https://lichess.org:443 "POST /api/bot/game/nK3RDnPM/move/f6e4?offeringDraw=false HTTP/1.1" 200 11
2024-04-18 16:49:09,705 __mp_main__ (lichess-bot.py:700) DEBUG Game state: {'type': 'gameState', 'moves': 'e2e4 e7e5 b1c3 g8f6 f2f4 d7d5 f4e5 f6e4', 'wtime': 2147483647, 'btime': 2147483647, 'winc': 0, 'binc': 0, 'status': 'started'}
2024-04-18 16:49:10,922 __mp_main__ (lichess-bot.py:700) DEBUG Game state: {'type': 'gameState', 'moves': 'e2e4 e7e5 b1c3 g8f6 f2f4 d7d5 f4e5 f6e4 c3e4', 'wtime': 2147483647, 'btime': 2147483647, 'winc': 0, 'binc': 0, 'status': 'started'}
2024-04-18 16:49:10,922 __mp_main__ (lichess-bot.py:691) INFO 
2024-04-18 16:49:10,922 __mp_main__ (lichess-bot.py:692) INFO move: 5
2024-04-18 16:49:10,922 engine_wrapper (engine_wrapper.py:639) INFO Searching for time 60 seconds for game nK3RDnPM
2024-04-18 16:49:20,804 engine_wrapper (engine_wrapper.py:297) INFO Source: Engine
2024-04-18 16:49:20,808 urllib3.connectionpool (connectionpool.py:273) DEBUG Resetting dropped connection: lichess.org
2024-04-18 16:49:21,621 urllib3.connectionpool (connectionpool.py:456) DEBUG https://lichess.org:443 "POST /api/bot/game/nK3RDnPM/move/d5e4?offeringDraw=false HTTP/1.1" 200 11
2024-04-18 16:49:21,622 __mp_main__ (lichess-bot.py:700) DEBUG Game state: {'type': 'gameState', 'moves': 'e2e4 e7e5 b1c3 g8f6 f2f4 d7d5 f4e5 f6e4 c3e4 d5e4', 'wtime': 2147483647, 'btime': 2147483647, 'winc': 0, 'binc': 0, 'status': 'started'}
2024-04-18 16:49:25,880 __mp_main__ (lichess-bot.py:700) DEBUG Game state: {'type': 'gameState', 'moves': 'e2e4 e7e5 b1c3 g8f6 f2f4 d7d5 f4e5 f6e4 c3e4 d5e4 f1c4', 'wtime': 2147483647, 'btime': 2147483647, 'winc': 0, 'binc': 0, 'status': 'started'}
2024-04-18 16:49:25,880 __mp_main__ (lichess-bot.py:691) INFO 
2024-04-18 16:49:25,880 __mp_main__ (lichess-bot.py:692) INFO move: 6
2024-04-18 16:49:25,880 engine_wrapper (engine_wrapper.py:639) INFO Searching for time 60 seconds for game nK3RDnPM
2024-04-18 16:49:35,042 engine_wrapper (engine_wrapper.py:297) INFO Source: Engine
2024-04-18 16:49:35,042 urllib3.connectionpool (connectionpool.py:273) DEBUG Resetting dropped connection: lichess.org
2024-04-18 16:49:35,822 urllib3.connectionpool (connectionpool.py:456) DEBUG https://lichess.org:443 "POST /api/bot/game/nK3RDnPM/move/d8d4?offeringDraw=false HTTP/1.1" 200 11
2024-04-18 16:49:35,822 __mp_main__ (lichess-bot.py:700) DEBUG Game state: {'type': 'gameState', 'moves': 'e2e4 e7e5 b1c3 g8f6 f2f4 d7d5 f4e5 f6e4 c3e4 d5e4 f1c4 d8d4', 'wtime': 2147483647, 'btime': 2147483647, 'winc': 0, 'binc': 0, 'status': 'started'}
2024-04-18 16:49:40,288 __mp_main__ (lichess-bot.py:700) DEBUG Game state: {'type': 'gameState', 'moves': 'e2e4 e7e5 b1c3 g8f6 f2f4 d7d5 f4e5 f6e4 c3e4 d5e4 f1c4 d8d4 b2b3', 'wtime': 2147483647, 'btime': 2147483647, 'winc': 0, 'binc': 0, 'status': 'started'}
2024-04-18 16:49:40,293 __mp_main__ (lichess-bot.py:691) INFO 
2024-04-18 16:49:40,293 __mp_main__ (lichess-bot.py:692) INFO move: 7
2024-04-18 16:49:40,293 engine_wrapper (engine_wrapper.py:639) INFO Searching for time 60 seconds for game nK3RDnPM
2024-04-18 16:49:53,372 engine_wrapper (engine_wrapper.py:297) INFO Source: Engine
2024-04-18 16:49:53,375 urllib3.connectionpool (connectionpool.py:273) DEBUG Resetting dropped connection: lichess.org
2024-04-18 16:49:54,139 urllib3.connectionpool (connectionpool.py:456) DEBUG https://lichess.org:443 "POST /api/bot/game/nK3RDnPM/move/d4a1?offeringDraw=false HTTP/1.1" 200 11
2024-04-18 16:49:54,142 __mp_main__ (lichess-bot.py:700) DEBUG Game state: {'type': 'gameState', 'moves': 'e2e4 e7e5 b1c3 g8f6 f2f4 d7d5 f4e5 f6e4 c3e4 d5e4 f1c4 d8d4 b2b3 d4a1', 'wtime': 2147483647, 'btime': 2147483647, 'winc': 0, 'binc': 0, 'status': 'started'}
2024-04-18 16:49:59,886 __main__ (lichess-bot.py:373) DEBUG Event: {'type': 'gameFinish', 'game': {'fullId': 'nK3RDnPMnZo6', 'gameId': 'nK3RDnPM', 'fen': 'rnb1kb1r/ppp2ppp/8/4P3/2B1p3/1P6/P1PP2PP/q1BQK1NR w Kkq - 0 8', 'color': 'black', 'lastMove': 'd4a1', 'source': 'friend', 'status': {'id': 31, 'name': 'resign'}, 'variant': {'key': 'standard', 'name': 'Standard'}, 'speed': 'correspondence', 'perf': 'correspondence', 'rated': False, 'hasMoved': True, 'opponent': {'id': 'kai_pereira', 'username': 'Kai_Pereira', 'rating': 1500}, 'isMyTurn': False, 'winner': 'black', 'compat': {'bot': True, 'board': True}, 'id': 'nK3RDnPM'}}
2024-04-18 16:49:59,889 __mp_main__ (lichess-bot.py:700) DEBUG Game state: {'type': 'gameState', 'moves': 'e2e4 e7e5 b1c3 g8f6 f2f4 d7d5 f4e5 f6e4 c3e4 d5e4 f1c4 d8d4 b2b3 d4a1', 'wtime': 2147483647, 'btime': 2147483647, 'winc': 0, 'binc': 0, 'status': 'resign', 'winner': 'black'}
2024-04-18 16:49:59,889 __mp_main__ (lichess-bot.py:791) INFO Kai_Bot won!
2024-04-18 16:49:59,889 __mp_main__ (lichess-bot.py:802) INFO Kai_Pereira resigned.
2024-04-18 16:49:59,889 conversation (conversation.py:83) INFO *** https://lichess.org/nK3RDnPM/black [player] Kai_Bot: Good game!
2024-04-18 16:50:00,042 urllib3.connectionpool (connectionpool.py:456) DEBUG https://lichess.org:443 "POST /api/bot/game/nK3RDnPM/chat HTTP/1.1" 200 11
2024-04-18 16:50:00,043 conversation (conversation.py:83) INFO *** https://lichess.org/nK3RDnPM/black [spectator] Kai_Bot: Thanks for watching!
2024-04-18 16:50:00,193 urllib3.connectionpool (connectionpool.py:456) DEBUG https://lichess.org:443 "POST /api/bot/game/nK3RDnPM/chat HTTP/1.1" 200 11
2024-04-18 16:50:00,193 __mp_main__ (lichess-bot.py:765) INFO --- https://lichess.org/nK3RDnPM/black Game over
2024-04-18 16:50:00,193 __main__ (lichess-bot.py:373) DEBUG Event: {'type': 'local_game_done', 'game': {'id': 'nK3RDnPM', 'pgn': '', 'complete': True}}
2024-04-18 16:50:00,197 __main__ (lichess-bot.py:257) INFO +++ Process Freed. Count: 0. IDs: None
2024-04-18 16:50:01,384 __mp_main__ (lichess-bot.py:68) DEBUG Received SIGINT. Terminating client.
